[22:21:45] [main/INFO]: Loading Minecraft 1.21.8 with Fabric Loader 0.17.2
[22:21:45] [main/INFO]: Loading 4 mods:
	- fabricloader 0.17.2
	   \-- mixinextras 0.5.0
lol
	- java 21
	- minecraft 1.21.8
[22:21:45] [main/INFO]: SpongePowered MIXIN Subsystem Version=0.8.7 Source=file:/C:/Users/adamh/Downloads/DaBoyz2/DaBoyz2/libraries/net/fabricmc/sponge-mixin/0.16.3+mixin.0.8.7/sponge-mixin-0.16.3+mixin.0.8.7.jar Service=Knot/Fabric Env=SERVER
[22:21:51] [main/INFO]: Environment: Environment[sessionHost=https://sessionserver.mojang.com, servicesHost=https://api.minecraftservices.com, name=PROD]
[22:21:53] [main/INFO]: Loaded 1407 recipes
[22:21:53] [main/INFO]: Loaded 1520 advancements
[22:21:54] [Server thread/INFO]: Starting minecraft server version 1.21.8
[22:21:54] [Server thread/INFO]: Loading properties
[22:21:54] [Server thread/INFO]: Default game type: SURVIVAL
[22:21:54] [Server thread/INFO]: Generating keypair
[22:21:54] [Server thread/INFO]: Starting Minecraft server on 100.121.112.67:25565
[22:21:54] [Server thread/INFO]: Using default channel type
[22:21:54] [Server thread/INFO]: Preparing level "world"
[22:21:55] [Server thread/INFO]: Preparing start region for dimension minecraft:overworld
[22:21:55] [Worker-Main-7/INFO]: Preparing spawn area: 0%
[22:21:55] [Worker-Main-7/INFO]: Preparing spawn area: 0%
[22:21:56] [Server thread/INFO]: Time elapsed: 1050 ms
[22:21:56] [Server thread/INFO]: Done (1.638s)! For help, type "help"
[22:21:58] [Server thread/INFO]: Stopping server
[22:21:58] [Server thread/INFO]: Saving players
[22:21:58] [Server thread/INFO]: Saving worlds
[22:21:58] [Server thread/INFO]: Saving chunks for level 'ServerLevel[world]'/minecraft:overworld
[22:21:59] [Server thread/INFO]: Saving chunks for level 'ServerLevel[world]'/minecraft:the_nether
[22:21:59] [Server thread/INFO]: Saving chunks for level 'ServerLevel[world]'/minecraft:the_end
[22:21:59] [Server thread/INFO]: ThreadedAnvilChunkStorage (world): All chunks are saved
[22:21:59] [Server thread/INFO]: ThreadedAnvilChunkStorage (DIM-1): All chunks are saved
[22:21:59] [Server thread/INFO]: ThreadedAnvilChunkStorage (DIM1): All chunks are saved
[22:21:59] [Server thread/INFO]: ThreadedAnvilChunkStorage: All dimensions are saved
